<?xml version="1.0" encoding="UTF-8" ?>
<testsuite tests="5" failures="0" name="com.poker.implementation.KolorTest" time="0.017" errors="0" skipped="0">
  <properties>
[...]
</properties>
  <testcase classname="com.poker.implementation.KolorTest" name="testSparametryzowany[0]" time="0.015"/>
  <testcase classname="com.poker.implementation.KolorTest" name="testSparametryzowany[1]" time="0.001"/>
  <testcase classname="com.poker.implementation.KolorTest" name="testSparametryzowany[2]" time="0"/>
  <testcase classname="com.poker.implementation.KolorTest" name="testSparametryzowany[3]" time="0.001"/>
  <testcase classname="com.poker.implementation.KolorTest" name="testSparametryzowany[4]" time="0"/>
</testsuite>